hw3/app/build/intermediates/manifest_merge_blame_file/debug/manifest-merger-blame-debug-report.txt
1<?xml version="1.0" encoding="utf-8"?>
2<manifest xmlns:android="http://schemas.android.com/apk/res/android"
3    package="com.example.android.twoactivities"
4    android:versionCode="1"
5    android:versionName="1.0" >
6
7    <uses-sdk
8        android:minSdkVersion="15"
8-->src\main\AndroidManifest.xml
9        android:targetSdkVersion="26" />
9-->src\main\AndroidManifest.xml
10
11    <application
11-->src\main\AndroidManifest.xml:6:5-32:19
12        android:allowBackup="true"
12-->src\main\AndroidManifest.xml:7:9-35
13        android:debuggable="true"
14        android:icon="@mipmap/ic_launcher"
14-->src\main\AndroidManifest.xml:8:9-43
15        android:label="校园动态"
15-->src\main\AndroidManifest.xml:9:9-29
16        android:roundIcon="@mipmap/ic_launcher_round"
16-->src\main\AndroidManifest.xml:10:9-54
17        android:supportsRtl="true"
17-->src\main\AndroidManifest.xml:11:9-35
18        android:testOnly="true"
19        android:theme="@style/AppTheme" >
19-->src\main\AndroidManifest.xml:12:9-40
20        <activity android:name="com.example.android.twoactivities.MainActivity" >
20-->src\main\AndroidManifest.xml:13:9-19:20
20-->src\main\AndroidManifest.xml:13:19-47
21            <intent-filter>
21-->src\main\AndroidManifest.xml:14:13-18:29
22                <action android:name="android.intent.action.MAIN" />
22-->src\main\AndroidManifest.xml:15:17-69
22-->src\main\AndroidManifest.xml:15:25-66
23
24                <category android:name="android.intent.category.LAUNCHER" />
24-->src\main\AndroidManifest.xml:17:17-77
24-->src\main\AndroidManifest.xml:17:27-74
25            </intent-filter>
26        </activity>
27        <activity
27-->src\main\AndroidManifest.xml:20:9-31:20
28            android:name="com.example.android.twoactivities.SecondActivity"
28-->src\main\AndroidManifest.xml:20:19-49
29            android:label="动态详情"
29-->src\main\AndroidManifest.xml:21:13-35
30            android:parentActivityName="com.example.android.twoactivities.MainActivity" >
30-->src\main\AndroidManifest.xml:22:13-55
31            <meta-data
31-->src\main\AndroidManifest.xml:23:13-25:49
32                android:name="android.support.PARENT_ACTIVITY"
32-->src\main\AndroidManifest.xml:24:17-63
33                android:value=".MainActivity" />
33-->src\main\AndroidManifest.xml:25:17-46
34
35            <intent-filter>
35-->src\main\AndroidManifest.xml:14:13-18:29
36                <action android:name="android.intent.action.MAIN" />
36-->src\main\AndroidManifest.xml:15:17-69
36-->src\main\AndroidManifest.xml:15:25-66
37
38                <category android:name="android.intent.category.LAUNCHER" />
38-->src\main\AndroidManifest.xml:17:17-77
38-->src\main\AndroidManifest.xml:17:27-74
39            </intent-filter>
40        </activity>
41
42        <meta-data
42-->[com.android.support:appcompat-v7:26.1.0] AndroidManifest.xml:26:9-28:38
43            android:name="android.support.VERSION"
43-->[com.android.support:appcompat-v7:26.1.0] AndroidManifest.xml:27:13-51
44            android:value="26.1.0" />
44-->[com.android.support:appcompat-v7:26.1.0] AndroidManifest.xml:28:13-35
45        <meta-data
45-->[android.arch.lifecycle:runtime:1.0.0] AndroidManifest.xml:25:9-27:47
46            android:name="android.arch.lifecycle.VERSION"
46-->[android.arch.lifecycle:runtime:1.0.0] AndroidManifest.xml:26:13-58
47            android:value="27.0.0-SNAPSHOT" />
47-->[android.arch.lifecycle:runtime:1.0.0] AndroidManifest.xml:27:13-44
48    </application>
49
50</manifest>